<?xml version="1.0" encoding="UTF-8"?>
<testsuite xmlns:xsi="http://www.w3.org/2001/XMLSchema-instance" xsi:noNamespaceSchemaLocation="https://maven.apache.org/surefire/maven-surefire-plugin/xsd/surefire-test-report-3.0.xsd" version="3.0" name="AnimalTest" time="0.073" tests="6" errors="0" skipped="0" failures="0">
  <properties>
[...]
</properties>
  <testcase name="giveAnimalloud" classname="AnimalTest" time="0.03"/>
  <testcase name="getNameAndAge" classname="AnimalTest" time="0.013"/>
  <testcase name="isnotABabyAnimal" classname="AnimalTest" time="0.002"/>
  <testcase name="ageCategory" classname="AnimalTest" time="0.001"/>
  <testcase name="testAgeSmallerThan0" classname="AnimalTest" time="0"/>
  <testcase name="isABabyAnimal" classname="AnimalTest" time="0.002"/>
</testsuite>